Not Found: /
Not Found: /
Not Found: /wp-includes/wlwmanifest.xml
Not Found: /xmlrpc.php
Not Found: /
Not Found: /blog/wp-includes/wlwmanifest.xml
Not Found: /web/wp-includes/wlwmanifest.xml
Not Found: /wordpress/wp-includes/wlwmanifest.xml
Not Found: /website/wp-includes/wlwmanifest.xml
Not Found: /wp/wp-includes/wlwmanifest.xml
Not Found: /news/wp-includes/wlwmanifest.xml
Not Found: /2018/wp-includes/wlwmanifest.xml
Not Found: /2019/wp-includes/wlwmanifest.xml
Not Found: /shop/wp-includes/wlwmanifest.xml
Not Found: /wp1/wp-includes/wlwmanifest.xml
Not Found: /test/wp-includes/wlwmanifest.xml
Not Found: /media/wp-includes/wlwmanifest.xml
Not Found: /wp2/wp-includes/wlwmanifest.xml
Not Found: /site/wp-includes/wlwmanifest.xml
Not Found: /cms/wp-includes/wlwmanifest.xml
Not Found: /sito/wp-includes/wlwmanifest.xml
Not Found: /api/get_properties
Not Found: /api/get_properties
Not Found: /api/get_properties
Not Found: /api/get_properties
Unauthorized: /api/token
Unauthorized: /api/token
Unauthorized: /api/token
Forbidden: /api/get_managers
Forbidden: /api/get_managers
Forbidden: /api/get_managers
Forbidden: /api/get_managers
Forbidden: /api/get_managers
Forbidden: /api/update_property_zone_sale/9
Forbidden: /api/get_managers
Forbidden: /api/get_managers
Forbidden: /api/get_managers
Forbidden: /api/get_managers
Forbidden: /api/get_managers
Forbidden: /api/get_managers
Forbidden: /api/get_managers
Forbidden: /api/get_managers
Forbidden: /api/get_managers
Forbidden: /api/get_managers
Forbidden: /api/get_managers
Forbidden: /api/get_managers
Forbidden: /api/get_managers
Forbidden: /api/get_managers
Forbidden: /api/get_managers
Forbidden: /api/get_managers
Forbidden: /api/get_managers
Forbidden: /api/get_managers
Forbidden: /api/get_managers
Not Found: /api/get_property_zones/13
Not Found: /api/get_property_zones/13
Not Found: /api/get_property_zones/13
Not Found: /api/get_property_zones/13
Not Found: /api/get_property_zones/13
Not Found: /api/get_property_zones/13
Not Found: /
Not Found: /
